0 verbose cli /usr/local/bin/node /usr/local/lib/node_modules/npm/bin/npm-cli.js
1 info using npm@10.7.0
2 info using node@v20.14.0
3 silly config:load:file:/usr/local/lib/node_modules/npm/npmrc
4 silly config:load:file:/Users/kaitagamimeredith/pokerwiki/.npmrc
5 silly config:load:file:/Users/kaitagamimeredith/.npmrc
6 silly config:load:file:/usr/local/etc/npmrc
7 verbose title npm exec tailwindcss init -p
8 verbose argv "exec" "--" "tailwindcss" "init" "-p"
9 verbose logfile logs-max:10 dir:/Users/kaitagamimeredith/pokerwiki/.npm-cache/_logs/2025-11-26T17_39_04_052Z-
10 verbose logfile /Users/kaitagamimeredith/pokerwiki/.npm-cache/_logs/2025-11-26T17_39_04_052Z-debug-0.log
11 silly logfile done cleaning log files
12 http fetch GET https://registry.npmjs.org/npm attempt 1 failed with ENOTFOUND
13 verbose stack Error: could not determine executable to run
13 verbose stack     at getBinFromManifest (/usr/local/lib/node_modules/npm/node_modules/libnpmexec/lib/get-bin-from-manifest.js:17:23)
13 verbose stack     at exec (/usr/local/lib/node_modules/npm/node_modules/libnpmexec/lib/index.js:183:15)
13 verbose stack     at async module.exports (/usr/local/lib/node_modules/npm/lib/cli/entry.js:74:5)
14 verbose pkgid tailwindcss@4.1.17
15 verbose cwd /Users/kaitagamimeredith/pokerwiki
16 verbose Darwin 24.5.0
17 verbose node v20.14.0
18 verbose npm  v10.7.0
19 error could not determine executable to run
20 verbose exit 1
21 verbose code 1
22 error A complete log of this run can be found in: /Users/kaitagamimeredith/pokerwiki/.npm-cache/_logs/2025-11-26T17_39_04_052Z-debug-0.log
